DROP USER CMGMON
          *
ERROR at line 1:
ORA-01918: user 'CMGMON' does not exist 



User created.

DROP ROLE ROLE_CMGMON
          *
ERROR at line 1:
ORA-01919: role 'ROLE_CMGMON' does not exist 



Role created.


Grant succeeded.


Grant succeeded.


Grant succeeded.


Grant succeeded.


Grant succeeded.


Grant succeeded.


Grant succeeded.


Grant succeeded.


Grant succeeded.


Grant succeeded.


Grant succeeded.


Grant succeeded.


Grant succeeded.


Grant succeeded.


Grant succeeded.


Grant succeeded.


Grant succeeded.


Grant succeeded.


Grant succeeded.


Grant succeeded.


View created.


View created.


Grant succeeded.


Grant succeeded.


Grant succeeded.


Grant succeeded.


Grant succeeded.


Grant succeeded.


Grant succeeded.

